Base path: '/Applications/Unity/Hub/Editor/2019.3.0f6/Unity.app/Contents', plugins path '/Applications/Unity/Hub/Editor/2019.3.0f6/PlaybackEngines'
Cmd: initializeCompiler
Cmd: compileSnippet
  api=14 type=0 insize=1602 outsize=3918 kw=UNITY_PASS_FORWARDBASE DIRECTIONAL LIGHTPROBE_SH pd=UNITY_ENABLE_REFLECTION_BUFFERS UNITY_USE_DITHER_MASK_FOR_ALPHABLENDED_SHADOWS UNITY_PBS_USE_BRDF1 UNITY_SPECCUBE_BOX_PROJECTION UNITY_SPECCUBE_BLENDING UNITY_ENABLE_DETAIL_NORMALMAP SHADER_API_DESKTOP UNITY_COLORSPACE_GAMMA UNITY_LIGHT_PROBE_PROXY_VOLUME UNITY_LIGHTMAP_FULL_HDR ok=1
Cmd: initializeCompiler
Cmd: compileComputeKernel
  api=14 insize=18731 outsize=9597 ok=1
Cmd: compileComputeKernel
  api=14 insize=18731 outsize=11447 ok=1
Cmd: translateComputeKernel
  api=14 insize=11282 outsize=24776 ok=1
Cmd: compileComputeKernel
  api=14 insize=5032 outsize=5116 ok=1
Cmd: translateComputeKernel
  api=14 insize=5781 outsize=8380 ok=1
Cmd: translateComputeKernel
  api=14 insize=1153 outsize=1425 ok=1
Cmd: compileComputeKernel
  api=14 insize=11176 outsize=11445 ok=1
Cmd: compileComputeKernel
  api=14 insize=3174 outsize=815 ok=1

Quitting shader compiler process
